Terminals unused in grammar

    ERROR_TOKEN


Grammar

    0 $accept: Document $end

    1 Document: statementList

    2 $@1: %empty

    3 graph: "Graph URI literal {" $@1 graphBody "}"

    4 $@2: %empty

    5 graph: "{" $@2 graphBody "}"

    6 graphBody: triplesList
    7          | %empty

    8 triplesList: dotTriplesList
    9            | dotTriplesList "."

   10 dotTriplesList: triples
   11               | dotTriplesList "." triples

   12 statementList: statementList statement
   13              | statementList error
   14              | %empty

   15 statement: directive
   16          | graph
   17          | triples "."

   18 triples: subject predicateObjectList
   19        | blankNodePropertyList predicateObjectListOpt
   20        | error "."

   21 objectList: objectList "," object
   22           | object

   23 itemList: itemList object
   24         | object

   25 verb: predicate
   26     | "a"

   27 predicateObjectList: predicateObjectList ";" verb objectList
   28                    | verb objectList
   29                    | predicateObjectList ";"

   30 directive: prefix
   31          | base

   32 prefix: "@prefix" "identifier" "URI literal" "."
   33       | "PREFIX" "identifier" "URI literal"

   34 base: "@base" "URI literal" "."
   35     | "BASE" "URI literal"

   36 subject: resource
   37        | blankNode
   38        | collection

   39 predicate: resource

   40 object: resource
   41       | blankNode
   42       | collection
   43       | blankNodePropertyList
   44       | literal

   45 literal: "string literal" "langtag"
   46        | "string literal" "langtag" "^" "URI literal"
   47        | "string literal" "langtag" "^" "QName"
   48        | "string literal" "^" "URI literal"
   49        | "string literal" "^" "QName"
   50        | "string literal"
   51        | "integer literal"
   52        | "floating point literal"
   53        | "decimal literal"
   54        | "true"
   55        | "false"

   56 resource: "URI literal"
   57         | "QName"

   58 predicateObjectListOpt: predicateObjectList
   59                       | %empty

   60 blankNode: "blank node"

   61 blankNodePropertyList: "[" predicateObjectListOpt "]"

   62 collection: "(" itemList ")"
   63           | "(" ")"


Terminals, with rules where they appear

    $end (0) 0
    error (256) 13 20
    "a" (258) 26
    "^" (259) 46 47 48 49
    "." (260) 9 11 17 20 32 34
    "," (261) 21
    ";" (262) 27 29
    "[" (263) 61
    "]" (264) 61
    "(" (265) 62 63
    ")" (266) 62 63
    "{" (267) 5
    "}" (268) 3 5
    "true" (269) 54
    "false" (270) 55
    "@prefix" (271) 32
    "@base" (272) 34
    "PREFIX" (273) 33
    "BASE" (274) 35
    "string literal" <string> (275) 45 46 47 48 49 50
    "identifier" <string> (276) 32 33
    "langtag" <string> (277) 45 46 47
    "integer literal" <string> (278) 51
    "floating point literal" <string> (279) 52
    "decimal literal" <string> (280) 53
    "blank node" <string> (281) 60
    "URI literal" <uri> (282) 32 33 34 35 46 48 56
    "Graph URI literal {" <uri> (283) 3
    "QName" <uri> (284) 47 49 57
    ERROR_TOKEN (285)


Nonterminals, with rules where they appear

    $accept (31)
        on left: 0
    Document (32)
        on left: 1
        on right: 0
    graph (33)
        on left: 3 5
        on right: 16
    $@1 (34)
        on left: 2
        on right: 3
    $@2 (35)
        on left: 4
        on right: 5
    graphBody (36)
        on left: 6 7
        on right: 3 5
    triplesList (37)
        on left: 8 9
        on right: 6
    dotTriplesList (38)
        on left: 10 11
        on right: 8 9 11
    statementList (39)
        on left: 12 13 14
        on right: 1 12 13
    statement (40)
        on left: 15 16 17
        on right: 12
    triples <sequence> (41)
        on left: 18 19 20
        on right: 10 11 17
    objectList <sequence> (42)
        on left: 21 22
        on right: 21 27 28
    itemList <sequence> (43)
        on left: 23 24
        on right: 23 62
    verb <identifier> (44)
        on left: 25 26
        on right: 27 28
    predicateObjectList <sequence> (45)
        on left: 27 28 29
        on right: 18 27 29 58
    directive (46)
        on left: 30 31
        on right: 15
    prefix (47)
        on left: 32 33
        on right: 30
    base (48)
        on left: 34 35
        on right: 31
    subject <identifier> (49)
        on left: 36 37 38
        on right: 18
    predicate <identifier> (50)
        on left: 39
        on right: 25
    object <identifier> (51)
        on left: 40 41 42 43 44
        on right: 21 22 23 24
    literal <identifier> (52)
        on left: 45 46 47 48 49 50 51 52 53 54 55
        on right: 44
    resource <identifier> (53)
        on left: 56 57
        on right: 36 39 40
    predicateObjectListOpt <sequence> (54)
        on left: 58 59
        on right: 19 61
    blankNode <identifier> (55)
        on left: 60
        on right: 37 41
    blankNodePropertyList <identifier> (56)
        on left: 61
        on right: 19 43
    collection <identifier> (57)
        on left: 62 63
        on right: 38 42


State 0

    0 $accept: . Document $end

    $default  reduce using rule 14 (statementList)

    Document       go to state 1
    statementList  go to state 2


State 1

    0 $accept: Document . $end

    $end  shift, and go to state 3


State 2

    1 Document: statementList .
   12 statementList: statementList . statement
   13              | statementList . error

    error                  shift, and go to state 4
    "["                    shift, and go to state 5
    "("                    shift, and go to state 6
    "{"                    shift, and go to state 7
    "@prefix"              shift, and go to state 8
    "@base"                shift, and go to state 9
    "PREFIX"               shift, and go to state 10
    "BASE"                 shift, and go to state 11
    "blank node"           shift, and go to state 12
    "URI literal"          shift, and go to state 13
    "Graph URI literal {"  shift, and go to state 14
    "QName"                shift, and go to state 15

    $end  reduce using rule 1 (Document)

    graph                  go to state 16
    statement              go to state 17
    triples                go to state 18
    directive              go to state 19
    prefix                 go to state 20
    base                   go to state 21
    subject                go to state 22
    resource               go to state 23
    blankNode              go to state 24
    blankNodePropertyList  go to state 25
    collection             go to state 26


State 3

    0 $accept: Document $end .

    $default  accept


State 4

   13 statementList: statementList error .
   20 triples: error . "."

    "."  shift, and go to state 27

    $default  reduce using rule 13 (statementList)


State 5

   61 blankNodePropertyList: "[" . predicateObjectListOpt "]"

    "a"            shift, and go to state 28
    "URI literal"  shift, and go to state 13
    "QName"        shift, and go to state 15

    $default  reduce using rule 59 (predicateObjectListOpt)

    verb                    go to state 29
    predicateObjectList     go to state 30
    predicate               go to state 31
    resource                go to state 32
    predicateObjectListOpt  go to state 33


State 6

   62 collection: "(" . itemList ")"
   63           | "(" . ")"

    "["                       shift, and go to state 5
    "("                       shift, and go to state 6
    ")"                       shift, and go to state 34
    "true"                    shift, and go to state 35
    "false"                   shift, and go to state 36
    "string literal"          shift, and go to state 37
    "integer literal"         shift, and go to state 38
    "floating point literal"  shift, and go to state 39
    "decimal literal"         shift, and go to state 40
    "blank node"              shift, and go to state 12
    "URI literal"             shift, and go to state 13
    "QName"                   shift, and go to state 15

    itemList               go to state 41
    object                 go to state 42
    literal                go to state 43
    resource               go to state 44
    blankNode              go to state 45
    blankNodePropertyList  go to state 46
    collection             go to state 47


State 7

    5 graph: "{" . $@2 graphBody "}"

    $default  reduce using rule 4 ($@2)

    $@2  go to state 48


State 8

   32 prefix: "@prefix" . "identifier" "URI literal" "."

    "identifier"  shift, and go to state 49


State 9

   34 base: "@base" . "URI literal" "."

    "URI literal"  shift, and go to state 50


State 10

   33 prefix: "PREFIX" . "identifier" "URI literal"

    "identifier"  shift, and go to state 51


State 11

   35 base: "BASE" . "URI literal"

    "URI literal"  shift, and go to state 52


State 12

   60 blankNode: "blank node" .

    $default  reduce using rule 60 (blankNode)


State 13

   56 resource: "URI literal" .

    $default  reduce using rule 56 (resource)


State 14

    3 graph: "Graph URI literal {" . $@1 graphBody "}"

    $default  reduce using rule 2 ($@1)

    $@1  go to state 53


State 15

   57 resource: "QName" .

    $default  reduce using rule 57 (resource)


State 16

   16 statement: graph .

    $default  reduce using rule 16 (statement)


State 17

   12 statementList: statementList statement .

    $default  reduce using rule 12 (statementList)


State 18

   17 statement: triples . "."

    "."  shift, and go to state 54


State 19

   15 statement: directive .

    $default  reduce using rule 15 (statement)


State 20

   30 directive: prefix .

    $default  reduce using rule 30 (directive)


State 21

   31 directive: base .

    $default  reduce using rule 31 (directive)


State 22

   18 triples: subject . predicateObjectList

    "a"            shift, and go to state 28
    "URI literal"  shift, and go to state 13
    "QName"        shift, and go to state 15

    verb                 go to state 29
    predicateObjectList  go to state 55
    predicate            go to state 31
    resource             go to state 32


State 23

   36 subject: resource .

    $default  reduce using rule 36 (subject)


State 24

   37 subject: blankNode .

    $default  reduce using rule 37 (subject)


State 25

   19 triples: blankNodePropertyList . predicateObjectListOpt

    "a"            shift, and go to state 28
    "URI literal"  shift, and go to state 13
    "QName"        shift, and go to state 15

    $default  reduce using rule 59 (predicateObjectListOpt)

    verb                    go to state 29
    predicateObjectList     go to state 30
    predicate               go to state 31
    resource                go to state 32
    predicateObjectListOpt  go to state 56


State 26

   38 subject: collection .

    $default  reduce using rule 38 (subject)


State 27

   20 triples: error "." .

    $default  reduce using rule 20 (triples)


State 28

   26 verb: "a" .

    $default  reduce using rule 26 (verb)


State 29

   28 predicateObjectList: verb . objectList

    "["                       shift, and go to state 5
    "("                       shift, and go to state 6
    "true"                    shift, and go to state 35
    "false"                   shift, and go to state 36
    "string literal"          shift, and go to state 37
    "integer literal"         shift, and go to state 38
    "floating point literal"  shift, and go to state 39
    "decimal literal"         shift, and go to state 40
    "blank node"              shift, and go to state 12
    "URI literal"             shift, and go to state 13
    "QName"                   shift, and go to state 15

    objectList             go to state 57
    object                 go to state 58
    literal                go to state 43
    resource               go to state 44
    blankNode              go to state 45
    blankNodePropertyList  go to state 46
    collection             go to state 47


State 30

   27 predicateObjectList: predicateObjectList . ";" verb objectList
   29                    | predicateObjectList . ";"
   58 predicateObjectListOpt: predicateObjectList .

    ";"  shift, and go to state 59

    $default  reduce using rule 58 (predicateObjectListOpt)


State 31

   25 verb: predicate .

    $default  reduce using rule 25 (verb)


State 32

   39 predicate: resource .

    $default  reduce using rule 39 (predicate)


State 33

   61 blankNodePropertyList: "[" predicateObjectListOpt . "]"

    "]"  shift, and go to state 60


State 34

   63 collection: "(" ")" .

    $default  reduce using rule 63 (collection)


State 35

   54 literal: "true" .

    $default  reduce using rule 54 (literal)


State 36

   55 literal: "false" .

    $default  reduce using rule 55 (literal)


State 37

   45 literal: "string literal" . "langtag"
   46        | "string literal" . "langtag" "^" "URI literal"
   47        | "string literal" . "langtag" "^" "QName"
   48        | "string literal" . "^" "URI literal"
   49        | "string literal" . "^" "QName"
   50        | "string literal" .

    "^"        shift, and go to state 61
    "langtag"  shift, and go to state 62

    $default  reduce using rule 50 (literal)


State 38

   51 literal: "integer literal" .

    $default  reduce using rule 51 (literal)


State 39

   52 literal: "floating point literal" .

    $default  reduce using rule 52 (literal)


State 40

   53 literal: "decimal literal" .

    $default  reduce using rule 53 (literal)


State 41

   23 itemList: itemList . object
   62 collection: "(" itemList . ")"

    "["                       shift, and go to state 5
    "("                       shift, and go to state 6
    ")"                       shift, and go to state 63
    "true"                    shift, and go to state 35
    "false"                   shift, and go to state 36
    "string literal"          shift, and go to state 37
    "integer literal"         shift, and go to state 38
    "floating point literal"  shift, and go to state 39
    "decimal literal"         shift, and go to state 40
    "blank node"              shift, and go to state 12
    "URI literal"             shift, and go to state 13
    "QName"                   shift, and go to state 15

    object                 go to state 64
    literal                go to state 43
    resource               go to state 44
    blankNode              go to state 45
    blankNodePropertyList  go to state 46
    collection             go to state 47


State 42

   24 itemList: object .

    $default  reduce using rule 24 (itemList)


State 43

   44 object: literal .

    $default  reduce using rule 44 (object)


State 44

   40 object: resource .

    $default  reduce using rule 40 (object)


State 45

   41 object: blankNode .

    $default  reduce using rule 41 (object)


State 46

   43 object: blankNodePropertyList .

    $default  reduce using rule 43 (object)


State 47

   42 object: collection .

    $default  reduce using rule 42 (object)


State 48

    5 graph: "{" $@2 . graphBody "}"

    error          shift, and go to state 65
    "["            shift, and go to state 5
    "("            shift, and go to state 6
    "blank node"   shift, and go to state 12
    "URI literal"  shift, and go to state 13
    "QName"        shift, and go to state 15

    "}"  reduce using rule 7 (graphBody)

    graphBody              go to state 66
    triplesList            go to state 67
    dotTriplesList         go to state 68
    triples                go to state 69
    subject                go to state 22
    resource               go to state 23
    blankNode              go to state 24
    blankNodePropertyList  go to state 25
    collection             go to state 26


State 49

   32 prefix: "@prefix" "identifier" . "URI literal" "."

    "URI literal"  shift, and go to state 70


State 50

   34 base: "@base" "URI literal" . "."

    "."  shift, and go to state 71


State 51

   33 prefix: "PREFIX" "identifier" . "URI literal"

    "URI literal"  shift, and go to state 72


State 52

   35 base: "BASE" "URI literal" .

    $default  reduce using rule 35 (base)


State 53

    3 graph: "Graph URI literal {" $@1 . graphBody "}"

    error          shift, and go to state 65
    "["            shift, and go to state 5
    "("            shift, and go to state 6
    "blank node"   shift, and go to state 12
    "URI literal"  shift, and go to state 13
    "QName"        shift, and go to state 15

    "}"  reduce using rule 7 (graphBody)

    graphBody              go to state 73
    triplesList            go to state 67
    dotTriplesList         go to state 68
    triples                go to state 69
    subject                go to state 22
    resource               go to state 23
    blankNode              go to state 24
    blankNodePropertyList  go to state 25
    collection             go to state 26


State 54

   17 statement: triples "." .

    $default  reduce using rule 17 (statement)


State 55

   18 triples: subject predicateObjectList .
   27 predicateObjectList: predicateObjectList . ";" verb objectList
   29                    | predicateObjectList . ";"

    ";"  shift, and go to state 59

    $default  reduce using rule 18 (triples)


State 56

   19 triples: blankNodePropertyList predicateObjectListOpt .

    $default  reduce using rule 19 (triples)


State 57

   21 objectList: objectList . "," object
   28 predicateObjectList: verb objectList .

    ","  shift, and go to state 74

    $default  reduce using rule 28 (predicateObjectList)


State 58

   22 objectList: object .

    $default  reduce using rule 22 (objectList)


State 59

   27 predicateObjectList: predicateObjectList ";" . verb objectList
   29                    | predicateObjectList ";" .

    "a"            shift, and go to state 28
    "URI literal"  shift, and go to state 13
    "QName"        shift, and go to state 15

    $default  reduce using rule 29 (predicateObjectList)

    verb       go to state 75
    predicate  go to state 31
    resource   go to state 32


State 60

   61 blankNodePropertyList: "[" predicateObjectListOpt "]" .

    $default  reduce using rule 61 (blankNodePropertyList)


State 61

   48 literal: "string literal" "^" . "URI literal"
   49        | "string literal" "^" . "QName"

    "URI literal"  shift, and go to state 76
    "QName"        shift, and go to state 77


State 62

   45 literal: "string literal" "langtag" .
   46        | "string literal" "langtag" . "^" "URI literal"
   47        | "string literal" "langtag" . "^" "QName"

    "^"  shift, and go to state 78

    $default  reduce using rule 45 (literal)


State 63

   62 collection: "(" itemList ")" .

    $default  reduce using rule 62 (collection)


State 64

   23 itemList: itemList object .

    $default  reduce using rule 23 (itemList)


State 65

   20 triples: error . "."

    "."  shift, and go to state 27


State 66

    5 graph: "{" $@2 graphBody . "}"

    "}"  shift, and go to state 79


State 67

    6 graphBody: triplesList .

    $default  reduce using rule 6 (graphBody)


State 68

    8 triplesList: dotTriplesList .
    9            | dotTriplesList . "."
   11 dotTriplesList: dotTriplesList . "." triples

    "."  shift, and go to state 80

    $default  reduce using rule 8 (triplesList)


State 69

   10 dotTriplesList: triples .

    $default  reduce using rule 10 (dotTriplesList)


State 70

   32 prefix: "@prefix" "identifier" "URI literal" . "."

    "."  shift, and go to state 81


State 71

   34 base: "@base" "URI literal" "." .

    $default  reduce using rule 34 (base)


State 72

   33 prefix: "PREFIX" "identifier" "URI literal" .

    $default  reduce using rule 33 (prefix)


State 73

    3 graph: "Graph URI literal {" $@1 graphBody . "}"

    "}"  shift, and go to state 82


State 74

   21 objectList: objectList "," . object

    "["                       shift, and go to state 5
    "("                       shift, and go to state 6
    "true"                    shift, and go to state 35
    "false"                   shift, and go to state 36
    "string literal"          shift, and go to state 37
    "integer literal"         shift, and go to state 38
    "floating point literal"  shift, and go to state 39
    "decimal literal"         shift, and go to state 40
    "blank node"              shift, and go to state 12
    "URI literal"             shift, and go to state 13
    "QName"                   shift, and go to state 15

    object                 go to state 83
    literal                go to state 43
    resource               go to state 44
    blankNode              go to state 45
    blankNodePropertyList  go to state 46
    collection             go to state 47


State 75

   27 predicateObjectList: predicateObjectList ";" verb . objectList

    "["                       shift, and go to state 5
    "("                       shift, and go to state 6
    "true"                    shift, and go to state 35
    "false"                   shift, and go to state 36
    "string literal"          shift, and go to state 37
    "integer literal"         shift, and go to state 38
    "floating point literal"  shift, and go to state 39
    "decimal literal"         shift, and go to state 40
    "blank node"              shift, and go to state 12
    "URI literal"             shift, and go to state 13
    "QName"                   shift, and go to state 15

    objectList             go to state 84
    object                 go to state 58
    literal                go to state 43
    resource               go to state 44
    blankNode              go to state 45
    blankNodePropertyList  go to state 46
    collection             go to state 47


State 76

   48 literal: "string literal" "^" "URI literal" .

    $default  reduce using rule 48 (literal)


State 77

   49 literal: "string literal" "^" "QName" .

    $default  reduce using rule 49 (literal)


State 78

   46 literal: "string literal" "langtag" "^" . "URI literal"
   47        | "string literal" "langtag" "^" . "QName"

    "URI literal"  shift, and go to state 85
    "QName"        shift, and go to state 86


State 79

    5 graph: "{" $@2 graphBody "}" .

    $default  reduce using rule 5 (graph)


State 80

    9 triplesList: dotTriplesList "." .
   11 dotTriplesList: dotTriplesList "." . triples

    error          shift, and go to state 65
    "["            shift, and go to state 5
    "("            shift, and go to state 6
    "blank node"   shift, and go to state 12
    "URI literal"  shift, and go to state 13
    "QName"        shift, and go to state 15

    "}"  reduce using rule 9 (triplesList)

    triples                go to state 87
    subject                go to state 22
    resource               go to state 23
    blankNode              go to state 24
    blankNodePropertyList  go to state 25
    collection             go to state 26


State 81

   32 prefix: "@prefix" "identifier" "URI literal" "." .

    $default  reduce using rule 32 (prefix)


State 82

    3 graph: "Graph URI literal {" $@1 graphBody "}" .

    $default  reduce using rule 3 (graph)


State 83

   21 objectList: objectList "," object .

    $default  reduce using rule 21 (objectList)


State 84

   21 objectList: objectList . "," object
   27 predicateObjectList: predicateObjectList ";" verb objectList .

    ","  shift, and go to state 74

    $default  reduce using rule 27 (predicateObjectList)


State 85

   46 literal: "string literal" "langtag" "^" "URI literal" .

    $default  reduce using rule 46 (literal)


State 86

   47 literal: "string literal" "langtag" "^" "QName" .

    $default  reduce using rule 47 (literal)


State 87

   11 dotTriplesList: dotTriplesList "." triples .

    $default  reduce using rule 11 (dotTriplesList)
