This file contains any messages produced by compilers while
running configure, to aid debugging if configure makes a mistake.

It was created by configure, which was
generated by GNU Autoconf 2.69.  Invocation command line was

  $ ./configure --with-libdeflate --disable-s3 --disable-gcs --disable-libcurl --disable-plugins --prefix=/net/mimer/mnt/tank/projects2/vgan_ancient/THIRD_VERSION/SAFARI --host=

## --------- ##
## Platform. ##
## --------- ##

hostname = node07
uname -m = x86_64
uname -r = 5.4.0-171-generic
uname -s = Linux
uname -v = #189-Ubuntu SMP Fri Jan 5 14:23:02 UTC 2024

/usr/bin/uname -p = x86_64
/bin/uname -X     = unknown

/bin/arch              = x86_64
/usr/bin/arch -k       = unknown
/usr/convex/getsysinfo = unknown
/usr/bin/hostinfo      = unknown
/bin/machine           = unknown
/usr/bin/oslevel       = unknown
/bin/universe          = unknown

PATH: /home/projects2/vgan_ancient/THIRD_VERSION/SAFARI/bin
PATH: /home/projects2/vgan_ancient/THIRD_VERSION/SAFARI/scripts
PATH: /home/ctools/opt/anaconda3_202105/condabin
PATH: /home/people/jdru/local/bin
PATH: /home/ctools/schmutzi-1.5.6/src/
PATH: /home/ctools/bin
PATH: /home/ctools/bin/nextflow
PATH: /home/ctools/vg_1.44.0/bin
PATH: /home/ctools/GFAffix-0.1.2.3
PATH: /home/ctools/odgi/bin
PATH: /home/ctools/smoothxg/bin
PATH: /home/ctools/seqwish/bin
PATH: /home/ctools/pggb
PATH: /home/ctools/wfmash/build/bin
PATH: /usr/local/sbin
PATH: /usr/local/bin
PATH: /usr/sbin
PATH: /usr/bin
PATH: /sbin
PATH: /bin
PATH: /usr/games
PATH: /usr/local/games
PATH: /snap/bin
PATH: /home/ctools/bin
PATH: /home/people/jdru/.local/bin
PATH: /home/people/jdru/bin


## ----------- ##
## Core tests. ##
## ----------- ##

configure:2223: checking for gcc
configure:2250: result: /usr/bin/gcc
configure:2479: checking for C compiler version
configure:2488: /usr/bin/gcc --version >&5
gcc (Ubuntu 9.4.0-1ubuntu1~20.04.2) 9.4.0
Copyright (C) 2019 Free Software Foundation, Inc.
This is free software; see the source for copying conditions.  There is NO
warranty; not even for MERCHANTABILITY or FITNESS FOR A PARTICULAR PURPOSE.

configure:2499: $? = 0
configure:2488: /usr/bin/gcc -v >&5
Using built-in specs.
COLLECT_GCC=/usr/bin/gcc
COLLECT_LTO_WRAPPER=/usr/lib/gcc/x86_64-linux-gnu/9/lto-wrapper
OFFLOAD_TARGET_NAMES=nvptx-none:hsa
OFFLOAD_TARGET_DEFAULT=1
Target: x86_64-linux-gnu
Configured with: ../src/configure -v --with-pkgversion='Ubuntu 9.4.0-1ubuntu1~20.04.2' --with-bugurl=file:///usr/share/doc/gcc-9/README.Bugs --enable-languages=c,ada,c++,go,brig,d,fortran,objc,obj-c++,gm2 --prefix=/usr --with-gcc-major-version-only --program-suffix=-9 --program-prefix=x86_64-linux-gnu- --enable-shared --enable-linker-build-id --libexecdir=/usr/lib --without-included-gettext --enable-threads=posix --libdir=/usr/lib --enable-nls --enable-clocale=gnu --enable-libstdcxx-debug --enable-libstdcxx-time=yes --with-default-libstdcxx-abi=new --enable-gnu-unique-object --disable-vtable-verify --enable-plugin --enable-default-pie --with-system-zlib --with-target-system-zlib=auto --enable-objc-gc=auto --enable-multiarch --disable-werror --with-arch-32=i686 --with-abi=m64 --with-multilib-list=m32,m64,mx32 --enable-multilib --with-tune=generic --enable-offload-targets=nvptx-none=/build/gcc-9-9QDOt0/gcc-9-9.4.0/debian/tmp-nvptx/usr,hsa --without-cuda-driver --enable-checking=release --build=x86_64-linux-gnu --host=x86_64-linux-gnu --target=x86_64-linux-gnu
Thread model: posix
gcc version 9.4.0 (Ubuntu 9.4.0-1ubuntu1~20.04.2) 
configure:2499: $? = 0
configure:2488: /usr/bin/gcc -V >&5
gcc: error: unrecognized command line option '-V'
gcc: fatal error: no input files
compilation terminated.
configure:2499: $? = 1
configure:2488: /usr/bin/gcc -qversion >&5
gcc: error: unrecognized command line option '-qversion'; did you mean '--version'?
gcc: fatal error: no input files
compilation terminated.
configure:2499: $? = 1
configure:2519: checking whether the C compiler works
configure:2541: /usr/bin/gcc -I/net/mimer/mnt/tank/projects2/vgan_ancient/THIRD_VERSION/SAFARI/deps/htslib -isystem /net/mimer/mnt/tank/projects2/vgan_ancient/THIRD_VERSION/SAFARI/deps/htslib -I/net/mimer/mnt/tank/projects2/vgan_ancient/THIRD_VERSION/SAFARI/include    -L/net/mimer/mnt/tank/projects2/vgan_ancient/THIRD_VERSION/SAFARI/lib -Wl,-rpath,/net/mimer/mnt/tank/projects2/vgan_ancient/THIRD_VERSION/SAFARI/lib conftest.c  >&5
configure:2545: $? = 0
configure:2593: result: yes
configure:2596: checking for C compiler default output file name
configure:2598: result: a.out
configure:2604: checking for suffix of executables
configure:2611: /usr/bin/gcc -o conftest -I/net/mimer/mnt/tank/projects2/vgan_ancient/THIRD_VERSION/SAFARI/deps/htslib -isystem /net/mimer/mnt/tank/projects2/vgan_ancient/THIRD_VERSION/SAFARI/deps/htslib -I/net/mimer/mnt/tank/projects2/vgan_ancient/THIRD_VERSION/SAFARI/include    -L/net/mimer/mnt/tank/projects2/vgan_ancient/THIRD_VERSION/SAFARI/lib -Wl,-rpath,/net/mimer/mnt/tank/projects2/vgan_ancient/THIRD_VERSION/SAFARI/lib conftest.c  >&5
configure:2615: $? = 0
configure:2637: result: 
configure:2659: checking whether we are cross compiling
configure:2667: /usr/bin/gcc -o conftest -I/net/mimer/mnt/tank/projects2/vgan_ancient/THIRD_VERSION/SAFARI/deps/htslib -isystem /net/mimer/mnt/tank/projects2/vgan_ancient/THIRD_VERSION/SAFARI/deps/htslib -I/net/mimer/mnt/tank/projects2/vgan_ancient/THIRD_VERSION/SAFARI/include    -L/net/mimer/mnt/tank/projects2/vgan_ancient/THIRD_VERSION/SAFARI/lib -Wl,-rpath,/net/mimer/mnt/tank/projects2/vgan_ancient/THIRD_VERSION/SAFARI/lib conftest.c  >&5
configure:2671: $? = 0
configure:2678: ./conftest
configure:2682: $? = 0
configure:2670: result: no
configure:2675: checking for suffix of object files
configure:2697: /usr/bin/gcc -c -I/net/mimer/mnt/tank/projects2/vgan_ancient/THIRD_VERSION/SAFARI/deps/htslib -isystem /net/mimer/mnt/tank/projects2/vgan_ancient/THIRD_VERSION/SAFARI/deps/htslib -I/net/mimer/mnt/tank/projects2/vgan_ancient/THIRD_VERSION/SAFARI/include   conftest.c >&5
configure:2701: $? = 0
configure:2722: result: o
configure:2726: checking whether we are using the GNU C compiler
configure:2745: /usr/bin/gcc -c -I/net/mimer/mnt/tank/projects2/vgan_ancient/THIRD_VERSION/SAFARI/deps/htslib -isystem /net/mimer/mnt/tank/projects2/vgan_ancient/THIRD_VERSION/SAFARI/deps/htslib -I/net/mimer/mnt/tank/projects2/vgan_ancient/THIRD_VERSION/SAFARI/include   conftest.c >&5
configure:2745: $? = 0
configure:2754: result: yes
configure:2763: checking whether /usr/bin/gcc accepts -g
configure:2783: /usr/bin/gcc -c -g  conftest.c >&5
configure:2783: $? = 0
configure:2824: result: yes
configure:2841: checking for /usr/bin/gcc option to accept ISO C89
configure:2904: /usr/bin/gcc  -c -I/net/mimer/mnt/tank/projects2/vgan_ancient/THIRD_VERSION/SAFARI/deps/htslib -isystem /net/mimer/mnt/tank/projects2/vgan_ancient/THIRD_VERSION/SAFARI/deps/htslib -I/net/mimer/mnt/tank/projects2/vgan_ancient/THIRD_VERSION/SAFARI/include   conftest.c >&5
configure:2904: $? = 0
configure:2917: result: none needed
configure:2980: checking for ranlib
configure:2996: found /usr/bin/ranlib
configure:3007: result: ranlib
configure:3030: checking for grep that handles long lines and -e
configure:3088: result: /usr/bin/grep
configure:3113: checking for C compiler warning flags
configure:3226: result: -Wall
configure:3367: checking for pkg-config
configure:3385: found /usr/bin/pkg-config
configure:3397: result: /usr/bin/pkg-config
configure:3422: checking pkg-config is at least version 0.9.0
configure:3425: result: yes
configure:3464: checking for special C compiler options needed for large files
configure:3509: result: no
configure:3515: checking for _FILE_OFFSET_BITS value needed for large files
configure:3540: /usr/bin/gcc -c  -Wall -I/net/mimer/mnt/tank/projects2/vgan_ancient/THIRD_VERSION/SAFARI/deps/htslib -isystem /net/mimer/mnt/tank/projects2/vgan_ancient/THIRD_VERSION/SAFARI/deps/htslib -I/net/mimer/mnt/tank/projects2/vgan_ancient/THIRD_VERSION/SAFARI/include   conftest.c >&5
configure:3540: $? = 0
configure:3572: result: no
configure:3748: checking shared library type for unknown-Linux
configure:3776: result: plain .so
configure:3786: checking whether the compiler accepts -fvisibility=hidden
configure:3806: /usr/bin/gcc -o conftest  -Wall -I/net/mimer/mnt/tank/projects2/vgan_ancient/THIRD_VERSION/SAFARI/deps/htslib -isystem /net/mimer/mnt/tank/projects2/vgan_ancient/THIRD_VERSION/SAFARI/deps/htslib -I/net/mimer/mnt/tank/projects2/vgan_ancient/THIRD_VERSION/SAFARI/include  -fvisibility=hidden   -L/net/mimer/mnt/tank/projects2/vgan_ancient/THIRD_VERSION/SAFARI/lib -Wl,-rpath,/net/mimer/mnt/tank/projects2/vgan_ancient/THIRD_VERSION/SAFARI/lib -fvisibility=hidden conftest.c  >&5
configure:3806: $? = 0
configure:3819: result: yes
configure:3873: checking how to run the C preprocessor
configure:3904: /usr/bin/gcc -E  conftest.c
configure:3904: $? = 0
configure:3918: /usr/bin/gcc -E  conftest.c
conftest.c:9:10: fatal error: ac_nonexistent.h: No such file or directory
    9 | #include <ac_nonexistent.h>
      |          ^~~~~~~~~~~~~~~~~~
compilation terminated.
configure:3918: $? = 1
configure: failed program was:
| /* confdefs.h */
| #define PACKAGE_NAME ""
| #define PACKAGE_TARNAME ""
| #define PACKAGE_VERSION ""
| #define PACKAGE_STRING ""
| #define PACKAGE_BUGREPORT ""
| #define PACKAGE_URL ""
| /* end confdefs.h.  */
| #include <ac_nonexistent.h>
configure:3943: result: /usr/bin/gcc -E
configure:3963: /usr/bin/gcc -E  conftest.c
configure:3963: $? = 0
configure:3977: /usr/bin/gcc -E  conftest.c
conftest.c:9:10: fatal error: ac_nonexistent.h: No such file or directory
    9 | #include <ac_nonexistent.h>
      |          ^~~~~~~~~~~~~~~~~~
compilation terminated.
configure:3977: $? = 1
configure: failed program was:
| /* confdefs.h */
| #define PACKAGE_NAME ""
| #define PACKAGE_TARNAME ""
| #define PACKAGE_VERSION ""
| #define PACKAGE_STRING ""
| #define PACKAGE_BUGREPORT ""
| #define PACKAGE_URL ""
| /* end confdefs.h.  */
| #include <ac_nonexistent.h>
configure:4006: checking for egrep
configure:4068: result: /usr/bin/grep -E
configure:4073: checking for ANSI C header files
configure:4093: /usr/bin/gcc -c  -Wall -I/net/mimer/mnt/tank/projects2/vgan_ancient/THIRD_VERSION/SAFARI/deps/htslib -isystem /net/mimer/mnt/tank/projects2/vgan_ancient/THIRD_VERSION/SAFARI/deps/htslib -I/net/mimer/mnt/tank/projects2/vgan_ancient/THIRD_VERSION/SAFARI/include  -fvisibility=hidden  conftest.c >&5
configure:4093: $? = 0
configure:4166: /usr/bin/gcc -o conftest  -Wall -I/net/mimer/mnt/tank/projects2/vgan_ancient/THIRD_VERSION/SAFARI/deps/htslib -isystem /net/mimer/mnt/tank/projects2/vgan_ancient/THIRD_VERSION/SAFARI/deps/htslib -I/net/mimer/mnt/tank/projects2/vgan_ancient/THIRD_VERSION/SAFARI/include  -fvisibility=hidden   -L/net/mimer/mnt/tank/projects2/vgan_ancient/THIRD_VERSION/SAFARI/lib -Wl,-rpath,/net/mimer/mnt/tank/projects2/vgan_ancient/THIRD_VERSION/SAFARI/lib -fvisibility=hidden conftest.c  >&5
configure:4166: $? = 0
configure:4166: ./conftest
configure:4166: $? = 0
configure:4177: result: yes
configure:4190: checking for sys/types.h
configure:4190: /usr/bin/gcc -c  -Wall -I/net/mimer/mnt/tank/projects2/vgan_ancient/THIRD_VERSION/SAFARI/deps/htslib -isystem /net/mimer/mnt/tank/projects2/vgan_ancient/THIRD_VERSION/SAFARI/deps/htslib -I/net/mimer/mnt/tank/projects2/vgan_ancient/THIRD_VERSION/SAFARI/include  -fvisibility=hidden  conftest.c >&5
configure:4190: $? = 0
configure:4190: result: yes
configure:4190: checking for sys/stat.h
configure:4190: /usr/bin/gcc -c  -Wall -I/net/mimer/mnt/tank/projects2/vgan_ancient/THIRD_VERSION/SAFARI/deps/htslib -isystem /net/mimer/mnt/tank/projects2/vgan_ancient/THIRD_VERSION/SAFARI/deps/htslib -I/net/mimer/mnt/tank/projects2/vgan_ancient/THIRD_VERSION/SAFARI/include  -fvisibility=hidden  conftest.c >&5
configure:4190: $? = 0
configure:4190: result: yes
configure:4190: checking for stdlib.h
configure:4190: /usr/bin/gcc -c  -Wall -I/net/mimer/mnt/tank/projects2/vgan_ancient/THIRD_VERSION/SAFARI/deps/htslib -isystem /net/mimer/mnt/tank/projects2/vgan_ancient/THIRD_VERSION/SAFARI/deps/htslib -I/net/mimer/mnt/tank/projects2/vgan_ancient/THIRD_VERSION/SAFARI/include  -fvisibility=hidden  conftest.c >&5
configure:4190: $? = 0
configure:4190: result: yes
configure:4190: checking for string.h
configure:4190: /usr/bin/gcc -c  -Wall -I/net/mimer/mnt/tank/projects2/vgan_ancient/THIRD_VERSION/SAFARI/deps/htslib -isystem /net/mimer/mnt/tank/projects2/vgan_ancient/THIRD_VERSION/SAFARI/deps/htslib -I/net/mimer/mnt/tank/projects2/vgan_ancient/THIRD_VERSION/SAFARI/include  -fvisibility=hidden  conftest.c >&5
configure:4190: $? = 0
configure:4190: result: yes
configure:4190: checking for memory.h
configure:4190: /usr/bin/gcc -c  -Wall -I/net/mimer/mnt/tank/projects2/vgan_ancient/THIRD_VERSION/SAFARI/deps/htslib -isystem /net/mimer/mnt/tank/projects2/vgan_ancient/THIRD_VERSION/SAFARI/deps/htslib -I/net/mimer/mnt/tank/projects2/vgan_ancient/THIRD_VERSION/SAFARI/include  -fvisibility=hidden  conftest.c >&5
configure:4190: $? = 0
configure:4190: result: yes
configure:4190: checking for strings.h
configure:4190: /usr/bin/gcc -c  -Wall -I/net/mimer/mnt/tank/projects2/vgan_ancient/THIRD_VERSION/SAFARI/deps/htslib -isystem /net/mimer/mnt/tank/projects2/vgan_ancient/THIRD_VERSION/SAFARI/deps/htslib -I/net/mimer/mnt/tank/projects2/vgan_ancient/THIRD_VERSION/SAFARI/include  -fvisibility=hidden  conftest.c >&5
configure:4190: $? = 0
configure:4190: result: yes
configure:4190: checking for inttypes.h
configure:4190: /usr/bin/gcc -c  -Wall -I/net/mimer/mnt/tank/projects2/vgan_ancient/THIRD_VERSION/SAFARI/deps/htslib -isystem /net/mimer/mnt/tank/projects2/vgan_ancient/THIRD_VERSION/SAFARI/deps/htslib -I/net/mimer/mnt/tank/projects2/vgan_ancient/THIRD_VERSION/SAFARI/include  -fvisibility=hidden  conftest.c >&5
configure:4190: $? = 0
configure:4190: result: yes
configure:4190: checking for stdint.h
configure:4190: /usr/bin/gcc -c  -Wall -I/net/mimer/mnt/tank/projects2/vgan_ancient/THIRD_VERSION/SAFARI/deps/htslib -isystem /net/mimer/mnt/tank/projects2/vgan_ancient/THIRD_VERSION/SAFARI/deps/htslib -I/net/mimer/mnt/tank/projects2/vgan_ancient/THIRD_VERSION/SAFARI/include  -fvisibility=hidden  conftest.c >&5
configure:4190: $? = 0
configure:4190: result: yes
configure:4190: checking for unistd.h
configure:4190: /usr/bin/gcc -c  -Wall -I/net/mimer/mnt/tank/projects2/vgan_ancient/THIRD_VERSION/SAFARI/deps/htslib -isystem /net/mimer/mnt/tank/projects2/vgan_ancient/THIRD_VERSION/SAFARI/deps/htslib -I/net/mimer/mnt/tank/projects2/vgan_ancient/THIRD_VERSION/SAFARI/include  -fvisibility=hidden  conftest.c >&5
configure:4190: $? = 0
configure:4190: result: yes
configure:4208: checking for stdlib.h
configure:4208: result: yes
configure:4208: checking for unistd.h
configure:4208: result: yes
configure:4208: checking for sys/param.h
configure:4208: /usr/bin/gcc -c  -Wall -I/net/mimer/mnt/tank/projects2/vgan_ancient/THIRD_VERSION/SAFARI/deps/htslib -isystem /net/mimer/mnt/tank/projects2/vgan_ancient/THIRD_VERSION/SAFARI/deps/htslib -I/net/mimer/mnt/tank/projects2/vgan_ancient/THIRD_VERSION/SAFARI/include  -fvisibility=hidden  conftest.c >&5
configure:4208: $? = 0
configure:4208: result: yes
configure:4228: checking for getpagesize
configure:4228: /usr/bin/gcc -o conftest  -Wall -I/net/mimer/mnt/tank/projects2/vgan_ancient/THIRD_VERSION/SAFARI/deps/htslib -isystem /net/mimer/mnt/tank/projects2/vgan_ancient/THIRD_VERSION/SAFARI/deps/htslib -I/net/mimer/mnt/tank/projects2/vgan_ancient/THIRD_VERSION/SAFARI/include  -fvisibility=hidden   -L/net/mimer/mnt/tank/projects2/vgan_ancient/THIRD_VERSION/SAFARI/lib -Wl,-rpath,/net/mimer/mnt/tank/projects2/vgan_ancient/THIRD_VERSION/SAFARI/lib -fvisibility=hidden conftest.c  >&5
configure:4228: $? = 0
configure:4228: result: yes
configure:4237: checking for working mmap
configure:4386: /usr/bin/gcc -o conftest  -Wall -I/net/mimer/mnt/tank/projects2/vgan_ancient/THIRD_VERSION/SAFARI/deps/htslib -isystem /net/mimer/mnt/tank/projects2/vgan_ancient/THIRD_VERSION/SAFARI/deps/htslib -I/net/mimer/mnt/tank/projects2/vgan_ancient/THIRD_VERSION/SAFARI/include  -fvisibility=hidden   -L/net/mimer/mnt/tank/projects2/vgan_ancient/THIRD_VERSION/SAFARI/lib -Wl,-rpath,/net/mimer/mnt/tank/projects2/vgan_ancient/THIRD_VERSION/SAFARI/lib -fvisibility=hidden conftest.c  >&5
configure:4386: $? = 0
configure:4386: ./conftest
configure:4386: $? = 0
configure:4396: result: yes
configure:4408: checking for gmtime_r
configure:4408: /usr/bin/gcc -o conftest  -Wall -I/net/mimer/mnt/tank/projects2/vgan_ancient/THIRD_VERSION/SAFARI/deps/htslib -isystem /net/mimer/mnt/tank/projects2/vgan_ancient/THIRD_VERSION/SAFARI/deps/htslib -I/net/mimer/mnt/tank/projects2/vgan_ancient/THIRD_VERSION/SAFARI/include  -fvisibility=hidden   -L/net/mimer/mnt/tank/projects2/vgan_ancient/THIRD_VERSION/SAFARI/lib -Wl,-rpath,/net/mimer/mnt/tank/projects2/vgan_ancient/THIRD_VERSION/SAFARI/lib -fvisibility=hidden conftest.c  >&5
configure:4408: $? = 0
configure:4408: result: yes
configure:4408: checking for fsync
configure:4408: /usr/bin/gcc -o conftest  -Wall -I/net/mimer/mnt/tank/projects2/vgan_ancient/THIRD_VERSION/SAFARI/deps/htslib -isystem /net/mimer/mnt/tank/projects2/vgan_ancient/THIRD_VERSION/SAFARI/deps/htslib -I/net/mimer/mnt/tank/projects2/vgan_ancient/THIRD_VERSION/SAFARI/include  -fvisibility=hidden   -L/net/mimer/mnt/tank/projects2/vgan_ancient/THIRD_VERSION/SAFARI/lib -Wl,-rpath,/net/mimer/mnt/tank/projects2/vgan_ancient/THIRD_VERSION/SAFARI/lib -fvisibility=hidden conftest.c  >&5
configure:4408: $? = 0
configure:4408: result: yes
configure:4408: checking for drand48
configure:4408: /usr/bin/gcc -o conftest  -Wall -I/net/mimer/mnt/tank/projects2/vgan_ancient/THIRD_VERSION/SAFARI/deps/htslib -isystem /net/mimer/mnt/tank/projects2/vgan_ancient/THIRD_VERSION/SAFARI/deps/htslib -I/net/mimer/mnt/tank/projects2/vgan_ancient/THIRD_VERSION/SAFARI/include  -fvisibility=hidden   -L/net/mimer/mnt/tank/projects2/vgan_ancient/THIRD_VERSION/SAFARI/lib -Wl,-rpath,/net/mimer/mnt/tank/projects2/vgan_ancient/THIRD_VERSION/SAFARI/lib -fvisibility=hidden conftest.c  >&5
configure:4408: $? = 0
configure:4408: result: yes
configure:4408: checking for srand48_deterministic
configure:4408: /usr/bin/gcc -o conftest  -Wall -I/net/mimer/mnt/tank/projects2/vgan_ancient/THIRD_VERSION/SAFARI/deps/htslib -isystem /net/mimer/mnt/tank/projects2/vgan_ancient/THIRD_VERSION/SAFARI/deps/htslib -I/net/mimer/mnt/tank/projects2/vgan_ancient/THIRD_VERSION/SAFARI/include  -fvisibility=hidden   -L/net/mimer/mnt/tank/projects2/vgan_ancient/THIRD_VERSION/SAFARI/lib -Wl,-rpath,/net/mimer/mnt/tank/projects2/vgan_ancient/THIRD_VERSION/SAFARI/lib -fvisibility=hidden conftest.c  >&5
/usr/bin/ld: /tmp/ccKPSMap.o: in function `main':
conftest.c:(.text+0xe): undefined reference to `srand48_deterministic'
collect2: error: ld returned 1 exit status
configure:4408: $? = 1
configure: failed program was:
| /* confdefs.h */
| #define PACKAGE_NAME ""
| #define PACKAGE_TARNAME ""
| #define PACKAGE_VERSION ""
| #define PACKAGE_STRING ""
| #define PACKAGE_BUGREPORT ""
| #define PACKAGE_URL ""
| #define STDC_HEADERS 1
| #define HAVE_SYS_TYPES_H 1
| #define HAVE_SYS_STAT_H 1
| #define HAVE_STDLIB_H 1
| #define HAVE_STRING_H 1
| #define HAVE_MEMORY_H 1
| #define HAVE_STRINGS_H 1
| #define HAVE_INTTYPES_H 1
| #define HAVE_STDINT_H 1
| #define HAVE_UNISTD_H 1
| #define HAVE_STDLIB_H 1
| #define HAVE_UNISTD_H 1
| #define HAVE_SYS_PARAM_H 1
| #define HAVE_GETPAGESIZE 1
| #define HAVE_MMAP 1
| #define HAVE_GMTIME_R 1
| #define HAVE_FSYNC 1
| #define HAVE_DRAND48 1
| /* end confdefs.h.  */
| /* Define srand48_deterministic to an innocuous variant, in case <limits.h> declares srand48_deterministic.
|    For example, HP-UX 11i <limits.h> declares gettimeofday.  */
| #define srand48_deterministic innocuous_srand48_deterministic
| 
| /* System header to define __stub macros and hopefully few prototypes,
|     which can conflict with char srand48_deterministic (); below.
|     Prefer <limits.h> to <assert.h> if __STDC__ is defined, since
|     <limits.h> exists even on freestanding compilers.  */
| 
| #ifdef __STDC__
| # include <limits.h>
| #else
| # include <assert.h>
| #endif
| 
| #undef srand48_deterministic
| 
| /* Override any GCC internal prototype to avoid an error.
|    Use char because int might match the return type of a GCC
|    builtin and then its argument prototype would still apply.  */
| #ifdef __cplusplus
| extern "C"
| #endif
| char srand48_deterministic ();
| /* The GNU C library defines this for functions which it implements
|     to always fail with ENOSYS.  Some functions are actually named
|     something starting with __ and the normal name is an alias.  */
| #if defined __stub_srand48_deterministic || defined __stub___srand48_deterministic
| choke me
| #endif
| 
| int
| main ()
| {
| return srand48_deterministic ();
|   ;
|   return 0;
| }
configure:4408: result: no
configure:4420: checking whether fdatasync is declared
configure:4420: /usr/bin/gcc -c  -Wall -I/net/mimer/mnt/tank/projects2/vgan_ancient/THIRD_VERSION/SAFARI/deps/htslib -isystem /net/mimer/mnt/tank/projects2/vgan_ancient/THIRD_VERSION/SAFARI/deps/htslib -I/net/mimer/mnt/tank/projects2/vgan_ancient/THIRD_VERSION/SAFARI/include  -fvisibility=hidden  conftest.c >&5
configure:4420: $? = 0
configure:4420: result: yes
configure:4424: checking for fdatasync
configure:4424: /usr/bin/gcc -o conftest  -Wall -I/net/mimer/mnt/tank/projects2/vgan_ancient/THIRD_VERSION/SAFARI/deps/htslib -isystem /net/mimer/mnt/tank/projects2/vgan_ancient/THIRD_VERSION/SAFARI/deps/htslib -I/net/mimer/mnt/tank/projects2/vgan_ancient/THIRD_VERSION/SAFARI/include  -fvisibility=hidden   -L/net/mimer/mnt/tank/projects2/vgan_ancient/THIRD_VERSION/SAFARI/lib -Wl,-rpath,/net/mimer/mnt/tank/projects2/vgan_ancient/THIRD_VERSION/SAFARI/lib -fvisibility=hidden conftest.c  >&5
configure:4424: $? = 0
configure:4424: result: yes
configure:4559: checking for library containing log
configure:4590: /usr/bin/gcc -o conftest  -Wall -I/net/mimer/mnt/tank/projects2/vgan_ancient/THIRD_VERSION/SAFARI/deps/htslib -isystem /net/mimer/mnt/tank/projects2/vgan_ancient/THIRD_VERSION/SAFARI/deps/htslib -I/net/mimer/mnt/tank/projects2/vgan_ancient/THIRD_VERSION/SAFARI/include  -fvisibility=hidden   -L/net/mimer/mnt/tank/projects2/vgan_ancient/THIRD_VERSION/SAFARI/lib -Wl,-rpath,/net/mimer/mnt/tank/projects2/vgan_ancient/THIRD_VERSION/SAFARI/lib -fvisibility=hidden conftest.c  >&5
conftest.c:35:6: warning: conflicting types for built-in function 'log'; expected 'double(double)' [-Wbuiltin-declaration-mismatch]
   35 | char log ();
      |      ^~~
conftest.c:1:1: note: 'log' is declared in header '<math.h>'
    1 | /* confdefs.h */
/usr/bin/ld: /tmp/cc2ZCIHP.o: in function `main':
conftest.c:(.text+0xe): undefined reference to `log'
collect2: error: ld returned 1 exit status
configure:4590: $? = 1
configure: failed program was:
| /* confdefs.h */
| #define PACKAGE_NAME ""
| #define PACKAGE_TARNAME ""
| #define PACKAGE_VERSION ""
| #define PACKAGE_STRING ""
| #define PACKAGE_BUGREPORT ""
| #define PACKAGE_URL ""
| #define STDC_HEADERS 1
| #define HAVE_SYS_TYPES_H 1
| #define HAVE_SYS_STAT_H 1
| #define HAVE_STDLIB_H 1
| #define HAVE_STRING_H 1
| #define HAVE_MEMORY_H 1
| #define HAVE_STRINGS_H 1
| #define HAVE_INTTYPES_H 1
| #define HAVE_STDINT_H 1
| #define HAVE_UNISTD_H 1
| #define HAVE_STDLIB_H 1
| #define HAVE_UNISTD_H 1
| #define HAVE_SYS_PARAM_H 1
| #define HAVE_GETPAGESIZE 1
| #define HAVE_MMAP 1
| #define HAVE_GMTIME_R 1
| #define HAVE_FSYNC 1
| #define HAVE_DRAND48 1
| #define HAVE_FDATASYNC 1
| /* end confdefs.h.  */
| 
| /* Override any GCC internal prototype to avoid an error.
|    Use char because int might match the return type of a GCC
|    builtin and then its argument prototype would still apply.  */
| #ifdef __cplusplus
| extern "C"
| #endif
| char log ();
| int
| main ()
| {
| return log ();
|   ;
|   return 0;
| }
configure:4590: /usr/bin/gcc -o conftest  -Wall -I/net/mimer/mnt/tank/projects2/vgan_ancient/THIRD_VERSION/SAFARI/deps/htslib -isystem /net/mimer/mnt/tank/projects2/vgan_ancient/THIRD_VERSION/SAFARI/deps/htslib -I/net/mimer/mnt/tank/projects2/vgan_ancient/THIRD_VERSION/SAFARI/include  -fvisibility=hidden   -L/net/mimer/mnt/tank/projects2/vgan_ancient/THIRD_VERSION/SAFARI/lib -Wl,-rpath,/net/mimer/mnt/tank/projects2/vgan_ancient/THIRD_VERSION/SAFARI/lib -fvisibility=hidden conftest.c -lm   >&5
conftest.c:35:6: warning: conflicting types for built-in function 'log'; expected 'double(double)' [-Wbuiltin-declaration-mismatch]
   35 | char log ();
      |      ^~~
conftest.c:1:1: note: 'log' is declared in header '<math.h>'
    1 | /* confdefs.h */
configure:4590: $? = 0
configure:4607: result: -lm
configure:4627: checking for zlib.h
configure:4627: /usr/bin/gcc -c  -Wall -I/net/mimer/mnt/tank/projects2/vgan_ancient/THIRD_VERSION/SAFARI/deps/htslib -isystem /net/mimer/mnt/tank/projects2/vgan_ancient/THIRD_VERSION/SAFARI/deps/htslib -I/net/mimer/mnt/tank/projects2/vgan_ancient/THIRD_VERSION/SAFARI/include  -fvisibility=hidden  conftest.c >&5
configure:4627: $? = 0
configure:4627: result: yes
configure:4636: checking for inflate in -lz
configure:4661: /usr/bin/gcc -o conftest  -Wall -I/net/mimer/mnt/tank/projects2/vgan_ancient/THIRD_VERSION/SAFARI/deps/htslib -isystem /net/mimer/mnt/tank/projects2/vgan_ancient/THIRD_VERSION/SAFARI/deps/htslib -I/net/mimer/mnt/tank/projects2/vgan_ancient/THIRD_VERSION/SAFARI/include  -fvisibility=hidden   -L/net/mimer/mnt/tank/projects2/vgan_ancient/THIRD_VERSION/SAFARI/lib -Wl,-rpath,/net/mimer/mnt/tank/projects2/vgan_ancient/THIRD_VERSION/SAFARI/lib -fvisibility=hidden conftest.c -lz  -lm  >&5
configure:4661: $? = 0
configure:4670: result: yes
configure:4701: checking for library containing recv
configure:4732: /usr/bin/gcc -o conftest  -Wall -I/net/mimer/mnt/tank/projects2/vgan_ancient/THIRD_VERSION/SAFARI/deps/htslib -isystem /net/mimer/mnt/tank/projects2/vgan_ancient/THIRD_VERSION/SAFARI/deps/htslib -I/net/mimer/mnt/tank/projects2/vgan_ancient/THIRD_VERSION/SAFARI/include  -fvisibility=hidden   -L/net/mimer/mnt/tank/projects2/vgan_ancient/THIRD_VERSION/SAFARI/lib -Wl,-rpath,/net/mimer/mnt/tank/projects2/vgan_ancient/THIRD_VERSION/SAFARI/lib -fvisibility=hidden conftest.c -lz -lm  >&5
configure:4732: $? = 0
configure:4749: result: none required
configure:4771: checking for bzlib.h
configure:4771: /usr/bin/gcc -c  -Wall -I/net/mimer/mnt/tank/projects2/vgan_ancient/THIRD_VERSION/SAFARI/deps/htslib -isystem /net/mimer/mnt/tank/projects2/vgan_ancient/THIRD_VERSION/SAFARI/deps/htslib -I/net/mimer/mnt/tank/projects2/vgan_ancient/THIRD_VERSION/SAFARI/include  -fvisibility=hidden  conftest.c >&5
configure:4771: $? = 0
configure:4771: result: yes
configure:4780: checking for BZ2_bzBuffToBuffCompress in -lbz2
configure:4805: /usr/bin/gcc -o conftest  -Wall -I/net/mimer/mnt/tank/projects2/vgan_ancient/THIRD_VERSION/SAFARI/deps/htslib -isystem /net/mimer/mnt/tank/projects2/vgan_ancient/THIRD_VERSION/SAFARI/deps/htslib -I/net/mimer/mnt/tank/projects2/vgan_ancient/THIRD_VERSION/SAFARI/include  -fvisibility=hidden   -L/net/mimer/mnt/tank/projects2/vgan_ancient/THIRD_VERSION/SAFARI/lib -Wl,-rpath,/net/mimer/mnt/tank/projects2/vgan_ancient/THIRD_VERSION/SAFARI/lib -fvisibility=hidden conftest.c -lbz2  -lz -lm  >&5
configure:4805: $? = 0
configure:4814: result: yes
configure:4858: checking for lzma.h
configure:4858: /usr/bin/gcc -c  -Wall -I/net/mimer/mnt/tank/projects2/vgan_ancient/THIRD_VERSION/SAFARI/deps/htslib -isystem /net/mimer/mnt/tank/projects2/vgan_ancient/THIRD_VERSION/SAFARI/deps/htslib -I/net/mimer/mnt/tank/projects2/vgan_ancient/THIRD_VERSION/SAFARI/include  -fvisibility=hidden  conftest.c >&5
configure:4858: $? = 0
configure:4858: result: yes
configure:4871: checking for lzma_easy_buffer_encode in -llzma
configure:4896: /usr/bin/gcc -o conftest  -Wall -I/net/mimer/mnt/tank/projects2/vgan_ancient/THIRD_VERSION/SAFARI/deps/htslib -isystem /net/mimer/mnt/tank/projects2/vgan_ancient/THIRD_VERSION/SAFARI/deps/htslib -I/net/mimer/mnt/tank/projects2/vgan_ancient/THIRD_VERSION/SAFARI/include  -fvisibility=hidden   -L/net/mimer/mnt/tank/projects2/vgan_ancient/THIRD_VERSION/SAFARI/lib -Wl,-rpath,/net/mimer/mnt/tank/projects2/vgan_ancient/THIRD_VERSION/SAFARI/lib -fvisibility=hidden conftest.c -llzma  -lbz2 -lz -lm  >&5
configure:4896: $? = 0
configure:4905: result: yes
configure:5018: checking whether htscodecs files are present
configure:5021: result: yes
configure:5060: checking for libdeflate.h
configure:5060: /usr/bin/gcc -c  -Wall -I/net/mimer/mnt/tank/projects2/vgan_ancient/THIRD_VERSION/SAFARI/deps/htslib -isystem /net/mimer/mnt/tank/projects2/vgan_ancient/THIRD_VERSION/SAFARI/deps/htslib -I/net/mimer/mnt/tank/projects2/vgan_ancient/THIRD_VERSION/SAFARI/include  -fvisibility=hidden  conftest.c >&5
configure:5060: $? = 0
configure:5060: result: yes
configure:5069: checking for libdeflate_deflate_compress in -ldeflate
configure:5094: /usr/bin/gcc -o conftest  -Wall -I/net/mimer/mnt/tank/projects2/vgan_ancient/THIRD_VERSION/SAFARI/deps/htslib -isystem /net/mimer/mnt/tank/projects2/vgan_ancient/THIRD_VERSION/SAFARI/deps/htslib -I/net/mimer/mnt/tank/projects2/vgan_ancient/THIRD_VERSION/SAFARI/include  -fvisibility=hidden   -L/net/mimer/mnt/tank/projects2/vgan_ancient/THIRD_VERSION/SAFARI/lib -Wl,-rpath,/net/mimer/mnt/tank/projects2/vgan_ancient/THIRD_VERSION/SAFARI/lib -fvisibility=hidden conftest.c -ldeflate  -llzma -lbz2 -lz -lm  >&5
configure:5094: $? = 0
configure:5103: result: yes
configure:5403: checking for library containing regcomp
configure:5434: /usr/bin/gcc -o conftest  -Wall -I/net/mimer/mnt/tank/projects2/vgan_ancient/THIRD_VERSION/SAFARI/deps/htslib -isystem /net/mimer/mnt/tank/projects2/vgan_ancient/THIRD_VERSION/SAFARI/deps/htslib -I/net/mimer/mnt/tank/projects2/vgan_ancient/THIRD_VERSION/SAFARI/include  -fvisibility=hidden   -L/net/mimer/mnt/tank/projects2/vgan_ancient/THIRD_VERSION/SAFARI/lib -Wl,-rpath,/net/mimer/mnt/tank/projects2/vgan_ancient/THIRD_VERSION/SAFARI/lib -fvisibility=hidden conftest.c -ldeflate -llzma -lbz2 -lz -lm  >&5
configure:5434: $? = 0
configure:5451: result: none required
configure:5460: checking whether PTHREAD_MUTEX_RECURSIVE is declared
configure:5460: /usr/bin/gcc -c  -Wall -I/net/mimer/mnt/tank/projects2/vgan_ancient/THIRD_VERSION/SAFARI/deps/htslib -isystem /net/mimer/mnt/tank/projects2/vgan_ancient/THIRD_VERSION/SAFARI/deps/htslib -I/net/mimer/mnt/tank/projects2/vgan_ancient/THIRD_VERSION/SAFARI/include  -fvisibility=hidden  conftest.c >&5
configure:5460: $? = 0
configure:5460: result: yes
configure:5597: creating ./config.status

## ---------------------- ##
## Running config.status. ##
## ---------------------- ##

This file was extended by config.status, which was
generated by GNU Autoconf 2.69.  Invocation command line was

  CONFIG_FILES    = 
  CONFIG_HEADERS  = 
  CONFIG_LINKS    = 
  CONFIG_COMMANDS = 
  $ ./config.status 

on node07

config.status:833: creating config.mk
config.status:833: creating htscodecs.mk
config.status:833: creating htslib.pc.tmp
config.status:833: creating config.h
config.status:1003: config.h is unchanged

## ---------------- ##
## Cache variables. ##
## ---------------- ##

ac_cv_c_compiler_gnu=yes
ac_cv_env_CC_set=set
ac_cv_env_CC_value=/usr/bin/gcc
ac_cv_env_CFLAGS_set=set
ac_cv_env_CFLAGS_value='-I/net/mimer/mnt/tank/projects2/vgan_ancient/THIRD_VERSION/SAFARI/deps/htslib -isystem /net/mimer/mnt/tank/projects2/vgan_ancient/THIRD_VERSION/SAFARI/deps/htslib -I/net/mimer/mnt/tank/projects2/vgan_ancient/THIRD_VERSION/SAFARI/include '
ac_cv_env_CPPFLAGS_set=
ac_cv_env_CPPFLAGS_value=
ac_cv_env_CPP_set=
ac_cv_env_CPP_value=
ac_cv_env_LDFLAGS_set=set
ac_cv_env_LDFLAGS_value=' -L/net/mimer/mnt/tank/projects2/vgan_ancient/THIRD_VERSION/SAFARI/lib -Wl,-rpath,/net/mimer/mnt/tank/projects2/vgan_ancient/THIRD_VERSION/SAFARI/lib'
ac_cv_env_LIBS_set=
ac_cv_env_LIBS_value=
ac_cv_env_PKG_CONFIG_LIBDIR_set=
ac_cv_env_PKG_CONFIG_LIBDIR_value=
ac_cv_env_PKG_CONFIG_PATH_set=
ac_cv_env_PKG_CONFIG_PATH_value=
ac_cv_env_PKG_CONFIG_set=
ac_cv_env_PKG_CONFIG_value=
ac_cv_env_build_alias_set=
ac_cv_env_build_alias_value=
ac_cv_env_host_alias_set=set
ac_cv_env_host_alias_value=
ac_cv_env_target_alias_set=
ac_cv_env_target_alias_value=
ac_cv_func_drand48=yes
ac_cv_func_fdatasync=yes
ac_cv_func_fsync=yes
ac_cv_func_getpagesize=yes
ac_cv_func_gmtime_r=yes
ac_cv_func_mmap_fixed_mapped=yes
ac_cv_func_srand48_deterministic=no
ac_cv_have_decl_PTHREAD_MUTEX_RECURSIVE=yes
ac_cv_have_decl_fdatasync_int_=yes
ac_cv_header_bzlib_h=yes
ac_cv_header_inttypes_h=yes
ac_cv_header_libdeflate_h=yes
ac_cv_header_lzma_h=yes
ac_cv_header_memory_h=yes
ac_cv_header_stdc=yes
ac_cv_header_stdint_h=yes
ac_cv_header_stdlib_h=yes
ac_cv_header_string_h=yes
ac_cv_header_strings_h=yes
ac_cv_header_sys_param_h=yes
ac_cv_header_sys_stat_h=yes
ac_cv_header_sys_types_h=yes
ac_cv_header_unistd_h=yes
ac_cv_header_zlib_h=yes
ac_cv_lib_bz2_BZ2_bzBuffToBuffCompress=yes
ac_cv_lib_deflate_libdeflate_deflate_compress=yes
ac_cv_lib_lzma_lzma_easy_buffer_encode=yes
ac_cv_lib_z_inflate=yes
ac_cv_objext=o
ac_cv_path_EGREP='/usr/bin/grep -E'
ac_cv_path_GREP=/usr/bin/grep
ac_cv_path_ac_pt_PKG_CONFIG=/usr/bin/pkg-config
ac_cv_prog_CPP='/usr/bin/gcc -E'
ac_cv_prog_ac_ct_CC=/usr/bin/gcc
ac_cv_prog_ac_ct_RANLIB=ranlib
ac_cv_prog_cc_c89=
ac_cv_prog_cc_g=yes
ac_cv_search_log=-lm
ac_cv_search_recv='none required'
ac_cv_search_regcomp='none required'
ac_cv_sys_file_offset_bits=no
ac_cv_sys_largefile_CC=no
hts_cv_check__fvisibility_hidden=yes
hts_cv_prog_cc_warnings=-Wall

## ----------------- ##
## Output variables. ##
## ----------------- ##

CC='/usr/bin/gcc'
CFLAGS=' -Wall -I/net/mimer/mnt/tank/projects2/vgan_ancient/THIRD_VERSION/SAFARI/deps/htslib -isystem /net/mimer/mnt/tank/projects2/vgan_ancient/THIRD_VERSION/SAFARI/deps/htslib -I/net/mimer/mnt/tank/projects2/vgan_ancient/THIRD_VERSION/SAFARI/include  -fvisibility=hidden'
CPP='/usr/bin/gcc -E'
CPPFLAGS=''
CRYPTO_LIBS=''
DEFS='-DHAVE_CONFIG_H'
ECHO_C=''
ECHO_N='-n'
ECHO_T=''
EGREP='/usr/bin/grep -E'
EXEEXT=''
GREP='/usr/bin/grep'
LDFLAGS=' -L/net/mimer/mnt/tank/projects2/vgan_ancient/THIRD_VERSION/SAFARI/lib -Wl,-rpath,/net/mimer/mnt/tank/projects2/vgan_ancient/THIRD_VERSION/SAFARI/lib -fvisibility=hidden'
LIBOBJS=''
LIBS='-ldeflate -llzma -lbz2 -lz -lm '
LTLIBOBJS=''
OBJEXT='o'
PACKAGE_BUGREPORT=''
PACKAGE_NAME=''
PACKAGE_STRING=''
PACKAGE_TARNAME=''
PACKAGE_URL=''
PACKAGE_VERSION=''
PATH_SEPARATOR=':'
PKG_CONFIG='/usr/bin/pkg-config'
PKG_CONFIG_LIBDIR=''
PKG_CONFIG_PATH=''
PLATFORM='default'
PLUGIN_EXT='.so'
RANLIB='ranlib'
SHELL='/bin/bash'
ac_ct_CC='/usr/bin/gcc'
bindir='${exec_prefix}/bin'
build_alias=''
datadir='${datarootdir}'
datarootdir='${prefix}/share'
docdir='${datarootdir}/doc/${PACKAGE}'
dvidir='${docdir}'
enable_plugins='no'
exec_prefix='${prefix}'
gcs='disabled'
host_alias=''
htmldir='${docdir}'
includedir='${prefix}/include'
infodir='${datarootdir}/info'
libcurl='disabled'
libdir='${exec_prefix}/lib'
libexecdir='${exec_prefix}/libexec'
localedir='${datarootdir}/locale'
localstatedir='${prefix}/var'
mandir='${datarootdir}/man'
oldincludedir='/usr/include'
pc_requires=' liblzma'
pdfdir='${docdir}'
plugindir='$(libexecdir)/htslib'
pluginpath='$(libexecdir)/htslib'
prefix='/net/mimer/mnt/tank/projects2/vgan_ancient/THIRD_VERSION/SAFARI'
private_LIBS=' -L/net/mimer/mnt/tank/projects2/vgan_ancient/THIRD_VERSION/SAFARI/lib -Wl,-rpath,/net/mimer/mnt/tank/projects2/vgan_ancient/THIRD_VERSION/SAFARI/lib -lbz2 -ldeflate'
program_transform_name='s,x,x,'
psdir='${docdir}'
runstatedir='${localstatedir}/run'
s3='disabled'
sbindir='${exec_prefix}/sbin'
selected_htscodecs_mk='htscodecs_bundled.mk'
sharedstatedir='${prefix}/com'
static_LDFLAGS=' -L/net/mimer/mnt/tank/projects2/vgan_ancient/THIRD_VERSION/SAFARI/lib -Wl,-rpath,/net/mimer/mnt/tank/projects2/vgan_ancient/THIRD_VERSION/SAFARI/lib'
static_LIBS='-lpthread -lz -lm -lbz2 -llzma -ldeflate'
sysconfdir='${prefix}/etc'
target_alias=''
with_external_htscodecs='no'

## ----------- ##
## confdefs.h. ##
## ----------- ##

/* confdefs.h */
#define PACKAGE_NAME ""
#define PACKAGE_TARNAME ""
#define PACKAGE_VERSION ""
#define PACKAGE_STRING ""
#define PACKAGE_BUGREPORT ""
#define PACKAGE_URL ""
#define STDC_HEADERS 1
#define HAVE_SYS_TYPES_H 1
#define HAVE_SYS_STAT_H 1
#define HAVE_STDLIB_H 1
#define HAVE_STRING_H 1
#define HAVE_MEMORY_H 1
#define HAVE_STRINGS_H 1
#define HAVE_INTTYPES_H 1
#define HAVE_STDINT_H 1
#define HAVE_UNISTD_H 1
#define HAVE_STDLIB_H 1
#define HAVE_UNISTD_H 1
#define HAVE_SYS_PARAM_H 1
#define HAVE_GETPAGESIZE 1
#define HAVE_MMAP 1
#define HAVE_GMTIME_R 1
#define HAVE_FSYNC 1
#define HAVE_DRAND48 1
#define HAVE_FDATASYNC 1
#define HAVE_LIBZ 1
#define HAVE_LIBBZ2 1
#define HAVE_LZMA_H 1
#define HAVE_LIBLZMA 1
#define HAVE_LIBDEFLATE 1

configure: exit 0
